2022-12-16 08:48:45,275 - connectionpool - DEBUG - _new_conn: 1003 - Starting new HTTPS connection (1): api.telegram.org:443
2022-12-16 08:49:00,276 - connectionpool - DEBUG - _make_request: 456 - https://api.telegram.org:443 "GET /bot5663154433:AAGj997VkKfXiyuTWv3URmklpVFWFbFZOhA/getUpdates?offset=1&timeout=20 HTTP/1.1" 200 352
2022-12-16 08:49:00,277 - controller - DEBUG - main_menu: 19 - function call - main_menu
2022-12-16 08:49:00,280 - connectionpool - DEBUG - _new_conn: 1003 - Starting new HTTPS connection (1): api.telegram.org:443
2022-12-16 08:49:00,486 - connectionpool - DEBUG - _make_request: 456 - https://api.telegram.org:443 "POST /bot5663154433:AAGj997VkKfXiyuTWv3URmklpVFWFbFZOhA/sendMessage?chat_id=5180111772&text=%D0%93%D0%BB%D0%B0%D0%B2%D0%BD%D0%BE%D0%B5+%D0%BC%D0%B5%D0%BD%D1%8E&reply_markup=%7B%22inline_keyboard%22%3A+%5B%5B%7B%22text%22%3A+%221.+%5Cu041f%5Cu043e%5Cu043a%5Cu0430%5Cu0437%5Cu0430%5Cu0442%5Cu044c+%5Cu0441%5Cu043f%5Cu0438%5Cu0441%5Cu043e%5Cu043a+%5Cu043a%5Cu043e%5Cu043d%5Cu0442%5Cu0430%5Cu043a%5Cu0442%5Cu043e%5Cu0432%22%2C+%22callback_data%22%3A+%22searchAllCon%22%7D%5D%2C+%5B%7B%22text%22%3A+%222.+%5Cu041f%5Cu043e%5Cu0438%5Cu0441%5Cu043a+%5Cu0441%5Cu0443%5Cu0449%5Cu0435%5Cu0441%5Cu0442%5Cu0432%5Cu0443%5Cu044e%5Cu0449%5Cu0435%5Cu0433%5Cu043e+%5Cu043a%5Cu043e%5Cu043d%5Cu0442%5Cu0430%5Cu043a%5Cu0442%5Cu0430%22%2C+%22callback_data%22%3A+%22searchCon%22%7D%5D%2C+%5B%7B%22text%22%3A+%223.+%5Cu0414%5Cu043e%5Cu0431%5Cu0430%5Cu0432%5Cu0438%5Cu0442%5Cu044c+%5Cu043d%5Cu043e%5Cu0432%5Cu044b%5Cu0439+%5Cu043a%5Cu043e%5Cu043d%5Cu0442%5Cu0430%5Cu043a%5Cu0442%22%2C+%22callback_data%22%3A+%22newCon%22%7D%5D%2C+%5B%7B%22text%22%3A+%224.+%5Cu0418%5Cu0437%5Cu043c%5Cu0435%5Cu043d%5Cu0438%5Cu0442%5Cu044c+%5Cu043a%5Cu043e%5Cu043d%5Cu0442%5Cu0430%5Cu043a%5Cu0442%22%2C+%22callback_data%22%3A+%22redactCon%22%7D%5D%2C+%5B%7B%22text%22%3A+%225.+%5Cu0423%5Cu0434%5Cu0430%5Cu043b%5Cu0438%5Cu0442%5Cu044c+%5Cu043a%5Cu043e%5Cu043d%5Cu0442%5Cu0430%5Cu043a%5Cu0442%22%2C+%22callback_data%22%3A+%22delitCon%22%7D%5D%5D%7D HTTP/1.1" 200 1175
2022-12-16 08:49:03,114 - connectionpool - DEBUG - _make_request: 456 - https://api.telegram.org:443 "GET /bot5663154433:AAGj997VkKfXiyuTWv3URmklpVFWFbFZOhA/getUpdates?offset=207531817&timeout=20 HTTP/1.1" 200 1417
2022-12-16 08:49:03,116 - controller - DEBUG - callback_worker: 377 - function call - callback_worker
2022-12-16 08:49:03,117 - controller - DEBUG - redactcontact_menu: 229 - function call - searchcontact_menu
2022-12-16 08:49:03,131 - connectionpool - DEBUG - _new_conn: 1003 - Starting new HTTPS connection (1): api.telegram.org:443
2022-12-16 08:49:03,361 - connectionpool - DEBUG - _make_request: 456 - https://api.telegram.org:443 "POST /bot5663154433:AAGj997VkKfXiyuTWv3URmklpVFWFbFZOhA/sendMessage?chat_id=5180111772&text=%D0%9C%D0%B5%D0%BD%D1%8E+%D1%80%D0%B5%D0%B4%D0%B0%D0%BA%D1%82%D0%B8%D1%80%D0%BE%D0%B2%D0%B0%D0%BD%D0%B8%D1%8F+%D0%BA%D0%BE%D0%BD%D1%82%D0%B0%D0%BA%D1%82%D0%B0&reply_markup=%7B%22inline_keyboard%22%3A+%5B%5B%7B%22text%22%3A+%221.+%5Cu041f%5Cu043e%5Cu0438%5Cu0441%5Cu043a+%5Cu043f%5Cu043e+%5Cu0424.%5Cu0418.%5Cu041e%22%2C+%22callback_data%22%3A+%22name1%22%7D%5D%2C+%5B%7B%22text%22%3A+%222.+%5Cu041f%5Cu043e%5Cu0438%5Cu0441%5Cu043a+%5Cu043f%5Cu043e+%5Cu043d%5Cu043e%5Cu043c%5Cu0435%5Cu0440%5Cu0443+%5Cu0442%5Cu0435%5Cu043b%5Cu0435%5Cu0444%5Cu043e%5Cu043d%5Cu0430%22%2C+%22callback_data%22%3A+%22telnum1%22%7D%5D%2C+%5B%7B%22text%22%3A+%223.+%5Cu041f%5Cu043e%5Cu0438%5Cu0441%5Cu043a+%5Cu043f%5Cu043e+email%22%2C+%22callback_data%22%3A+%22ema1%22%7D%5D%2C+%5B%7B%22text%22%3A+%224.+%5Cu0412%5Cu044b%5Cu0445%5Cu043e%5Cu0434+%5Cu0432+%5Cu0433%5Cu043b%5Cu0430%5Cu0432%5Cu043d%5Cu043e%5Cu0435+%5Cu043c%5Cu0435%5Cu043d%5Cu044e%22%2C+%22callback_data%22%3A+%22back%22%7D%5D%5D%7D HTTP/1.1" 200 957
2022-12-16 08:49:04,446 - connectionpool - DEBUG - _make_request: 456 - https://api.telegram.org:443 "GET /bot5663154433:AAGj997VkKfXiyuTWv3URmklpVFWFbFZOhA/getUpdates?offset=207531818&timeout=20 HTTP/1.1" 200 1195
2022-12-16 08:49:04,446 - controller - DEBUG - callback_worker: 377 - function call - callback_worker
2022-12-16 08:49:04,446 - controller - DEBUG - start1_name: 276 - function call - start_name
2022-12-16 08:49:04,590 - connectionpool - DEBUG - _make_request: 456 - https://api.telegram.org:443 "POST /bot5663154433:AAGj997VkKfXiyuTWv3URmklpVFWFbFZOhA/sendMessage?chat_id=5180111772&text=%D0%94%D0%B0%D0%BD%D0%BD%D1%8B%D0%B5+%D0%B2%D0%B2%D0%BE%D0%B4%D0%B8%D1%82%D1%8C+%D0%BD%D0%B0+%D0%B0%D0%BD%D0%B3%D0%BB%D0%B8%D1%81%D0%BA%D0%BE%D0%BC HTTP/1.1" 200 398
2022-12-16 08:49:04,772 - connectionpool - DEBUG - _make_request: 456 - https://api.telegram.org:443 "POST /bot5663154433:AAGj997VkKfXiyuTWv3URmklpVFWFbFZOhA/sendMessage?chat_id=5180111772&text=%D0%92%D0%B2%D0%B5%D0%B4%D0%B8%D1%82%D0%B5+%D0%B8%D0%BC%D1%8F+%2F+%D1%84%D0%B0%D0%BC%D0%B8%D0%BB%D0%B8%D1%8F+%2F+%D0%BE%D1%82%D1%87%D0%B5%D1%81%D1%82%D0%B2%D0%BE HTTP/1.1" 200 408
2022-12-16 08:49:12,175 - connectionpool - DEBUG - _make_request: 456 - https://api.telegram.org:443 "GET /bot5663154433:AAGj997VkKfXiyuTWv3URmklpVFWFbFZOhA/getUpdates?offset=207531819&timeout=20 HTTP/1.1" 200 291
2022-12-16 08:49:12,176 - controller - DEBUG - search1_name: 282 - function call - search_name
2022-12-16 08:49:12,176 - controller - DEBUG - searchtxt: 62 - function call - searchtxt
2022-12-16 08:49:12,177 - controller - INFO - searchtxt: 66 - open and read the file: myphonebook.txt
2022-12-16 08:49:12,177 - controller - DEBUG - searchtxt: 81 - close file: myphonebook.txt
2022-12-16 08:49:12,177 - controller - DEBUG - print_info_redact: 242 - function call - print_info_search
2022-12-16 08:49:12,264 - connectionpool - DEBUG - _make_request: 456 - https://api.telegram.org:443 "POST /bot5663154433:AAGj997VkKfXiyuTWv3URmklpVFWFbFZOhA/sendMessage?chat_id=5180111772&text=%D0%92%D0%B0%D1%88%D0%B0+%D0%BA%D0%BE%D0%BD%D1%82%D0%B0%D0%BA%D1%82%D0%BD%D0%B0%D1%8F+%D0%B8%D0%BD%D1%84%D0%BE%D1%80%D0%BC%D0%B0%D1%86%D0%B8%D1%8F+%D1%8D%D1%82%D0%BE%3A%0A%5BRex+For+Dep%2C+444-444-44%2C+redf2122%40gmail.com%5D%0A%3F&reply_markup=%7B%22inline_keyboard%22%3A+%5B%5B%7B%22text%22%3A+%22%5Cu0414%5Cu0430%22%2C+%22callback_data%22%3A+%22y_redact%22%7D%5D%2C+%5B%7B%22text%22%3A+%22%5Cu041d%5Cu0435%5Cu0442%22%2C+%22callback_data%22%3A+%22n_redact%22%7D%5D%5D%7D HTTP/1.1" 200 670
2022-12-16 08:49:16,389 - connectionpool - DEBUG - _make_request: 456 - https://api.telegram.org:443 "GET /bot5663154433:AAGj997VkKfXiyuTWv3URmklpVFWFbFZOhA/getUpdates?offset=207531820&timeout=20 HTTP/1.1" 200 911
2022-12-16 08:49:16,389 - controller - DEBUG - callback_worker: 377 - function call - callback_worker
2022-12-16 08:49:16,462 - connectionpool - DEBUG - _make_request: 456 - https://api.telegram.org:443 "POST /bot5663154433:AAGj997VkKfXiyuTWv3URmklpVFWFbFZOhA/sendMessage?chat_id=5180111772&text=%D0%92%D0%BE%D0%B7%D0%B2%D1%80%D0%B0%D1%89%D0%B0%D0%B5%D0%BC%D1%81%D1%8F+%D0%B2+%D0%B3%D0%BB%D0%B0%D0%B2%D0%BD%D0%BE%D0%B5+%D0%BC%D0%B5%D0%BD%D1%8E HTTP/1.1" 200 398
2022-12-16 08:49:16,463 - controller - DEBUG - main_menu: 19 - function call - main_menu
2022-12-16 08:49:16,539 - connectionpool - DEBUG - _make_request: 456 - https://api.telegram.org:443 "POST /bot5663154433:AAGj997VkKfXiyuTWv3URmklpVFWFbFZOhA/sendMessage?chat_id=5180111772&text=%D0%93%D0%BB%D0%B0%D0%B2%D0%BD%D0%BE%D0%B5+%D0%BC%D0%B5%D0%BD%D1%8E&reply_markup=%7B%22inline_keyboard%22%3A+%5B%5B%7B%22text%22%3A+%221.+%5Cu041f%5Cu043e%5Cu043a%5Cu0430%5Cu0437%5Cu0430%5Cu0442%5Cu044c+%5Cu0441%5Cu043f%5Cu0438%5Cu0441%5Cu043e%5Cu043a+%5Cu043a%5Cu043e%5Cu043d%5Cu0442%5Cu0430%5Cu043a%5Cu0442%5Cu043e%5Cu0432%22%2C+%22callback_data%22%3A+%22searchAllCon%22%7D%5D%2C+%5B%7B%22text%22%3A+%222.+%5Cu041f%5Cu043e%5Cu0438%5Cu0441%5Cu043a+%5Cu0441%5Cu0443%5Cu0449%5Cu0435%5Cu0441%5Cu0442%5Cu0432%5Cu0443%5Cu044e%5Cu0449%5Cu0435%5Cu0433%5Cu043e+%5Cu043a%5Cu043e%5Cu043d%5Cu0442%5Cu0430%5Cu043a%5Cu0442%5Cu0430%22%2C+%22callback_data%22%3A+%22searchCon%22%7D%5D%2C+%5B%7B%22text%22%3A+%223.+%5Cu0414%5Cu043e%5Cu0431%5Cu0430%5Cu0432%5Cu0438%5Cu0442%5Cu044c+%5Cu043d%5Cu043e%5Cu0432%5Cu044b%5Cu0439+%5Cu043a%5Cu043e%5Cu043d%5Cu0442%5Cu0430%5Cu043a%5Cu0442%22%2C+%22callback_data%22%3A+%22newCon%22%7D%5D%2C+%5B%7B%22text%22%3A+%224.+%5Cu0418%5Cu0437%5Cu043c%5Cu0435%5Cu043d%5Cu0438%5Cu0442%5Cu044c+%5Cu043a%5Cu043e%5Cu043d%5Cu0442%5Cu0430%5Cu043a%5Cu0442%22%2C+%22callback_data%22%3A+%22redactCon%22%7D%5D%2C+%5B%7B%22text%22%3A+%225.+%5Cu0423%5Cu0434%5Cu0430%5Cu043b%5Cu0438%5Cu0442%5Cu044c+%5Cu043a%5Cu043e%5Cu043d%5Cu0442%5Cu0430%5Cu043a%5Cu0442%22%2C+%22callback_data%22%3A+%22delitCon%22%7D%5D%5D%7D HTTP/1.1" 200 1175
2022-12-16 08:49:36,442 - connectionpool - DEBUG - _make_request: 456 - https://api.telegram.org:443 "GET /bot5663154433:AAGj997VkKfXiyuTWv3URmklpVFWFbFZOhA/getUpdates?offset=207531821&timeout=20 HTTP/1.1" 200 23
2022-12-16 08:49:56,499 - connectionpool - DEBUG - _make_request: 456 - https://api.telegram.org:443 "GET /bot5663154433:AAGj997VkKfXiyuTWv3URmklpVFWFbFZOhA/getUpdates?offset=207531821&timeout=20 HTTP/1.1" 200 23
2022-12-16 08:50:16,557 - connectionpool - DEBUG - _make_request: 456 - https://api.telegram.org:443 "GET /bot5663154433:AAGj997VkKfXiyuTWv3URmklpVFWFbFZOhA/getUpdates?offset=207531821&timeout=20 HTTP/1.1" 200 23
2022-12-16 08:50:36,615 - connectionpool - DEBUG - _make_request: 456 - https://api.telegram.org:443 "GET /bot5663154433:AAGj997VkKfXiyuTWv3URmklpVFWFbFZOhA/getUpdates?offset=207531821&timeout=20 HTTP/1.1" 200 23
2022-12-16 08:50:56,675 - connectionpool - DEBUG - _make_request: 456 - https://api.telegram.org:443 "GET /bot5663154433:AAGj997VkKfXiyuTWv3URmklpVFWFbFZOhA/getUpdates?offset=207531821&timeout=20 HTTP/1.1" 200 23
2022-12-16 08:51:16,739 - connectionpool - DEBUG - _make_request: 456 - https://api.telegram.org:443 "GET /bot5663154433:AAGj997VkKfXiyuTWv3URmklpVFWFbFZOhA/getUpdates?offset=207531821&timeout=20 HTTP/1.1" 200 23
2022-12-16 08:51:36,804 - connectionpool - DEBUG - _make_request: 456 - https://api.telegram.org:443 "GET /bot5663154433:AAGj997VkKfXiyuTWv3URmklpVFWFbFZOhA/getUpdates?offset=207531821&timeout=20 HTTP/1.1" 200 23
2022-12-16 08:51:56,867 - connectionpool - DEBUG - _make_request: 456 - https://api.telegram.org:443 "GET /bot5663154433:AAGj997VkKfXiyuTWv3URmklpVFWFbFZOhA/getUpdates?offset=207531821&timeout=20 HTTP/1.1" 200 23
2022-12-16 08:52:16,928 - connectionpool - DEBUG - _make_request: 456 - https://api.telegram.org:443 "GET /bot5663154433:AAGj997VkKfXiyuTWv3URmklpVFWFbFZOhA/getUpdates?offset=207531821&timeout=20 HTTP/1.1" 200 23
2022-12-16 08:52:36,990 - connectionpool - DEBUG - _make_request: 456 - https://api.telegram.org:443 "GET /bot5663154433:AAGj997VkKfXiyuTWv3URmklpVFWFbFZOhA/getUpdates?offset=207531821&timeout=20 HTTP/1.1" 200 23
2022-12-16 08:52:57,055 - connectionpool - DEBUG - _make_request: 456 - https://api.telegram.org:443 "GET /bot5663154433:AAGj997VkKfXiyuTWv3URmklpVFWFbFZOhA/getUpdates?offset=207531821&timeout=20 HTTP/1.1" 200 23
2022-12-16 08:53:17,113 - connectionpool - DEBUG - _make_request: 456 - https://api.telegram.org:443 "GET /bot5663154433:AAGj997VkKfXiyuTWv3URmklpVFWFbFZOhA/getUpdates?offset=207531821&timeout=20 HTTP/1.1" 200 23
2022-12-16 08:53:37,175 - connectionpool - DEBUG - _make_request: 456 - https://api.telegram.org:443 "GET /bot5663154433:AAGj997VkKfXiyuTWv3URmklpVFWFbFZOhA/getUpdates?offset=207531821&timeout=20 HTTP/1.1" 200 23
2022-12-16 08:53:57,233 - connectionpool - DEBUG - _make_request: 456 - https://api.telegram.org:443 "GET /bot5663154433:AAGj997VkKfXiyuTWv3URmklpVFWFbFZOhA/getUpdates?offset=207531821&timeout=20 HTTP/1.1" 200 23
2022-12-16 08:54:17,289 - connectionpool - DEBUG - _make_request: 456 - https://api.telegram.org:443 "GET /bot5663154433:AAGj997VkKfXiyuTWv3URmklpVFWFbFZOhA/getUpdates?offset=207531821&timeout=20 HTTP/1.1" 200 23
2022-12-16 08:54:37,356 - connectionpool - DEBUG - _make_request: 456 - https://api.telegram.org:443 "GET /bot5663154433:AAGj997VkKfXiyuTWv3URmklpVFWFbFZOhA/getUpdates?offset=207531821&timeout=20 HTTP/1.1" 200 23
2022-12-16 08:54:57,419 - connectionpool - DEBUG - _make_request: 456 - https://api.telegram.org:443 "GET /bot5663154433:AAGj997VkKfXiyuTWv3URmklpVFWFbFZOhA/getUpdates?offset=207531821&timeout=20 HTTP/1.1" 200 23
2022-12-16 08:55:17,483 - connectionpool - DEBUG - _make_request: 456 - https://api.telegram.org:443 "GET /bot5663154433:AAGj997VkKfXiyuTWv3URmklpVFWFbFZOhA/getUpdates?offset=207531821&timeout=20 HTTP/1.1" 200 23
2022-12-16 08:55:37,541 - connectionpool - DEBUG - _make_request: 456 - https://api.telegram.org:443 "GET /bot5663154433:AAGj997VkKfXiyuTWv3URmklpVFWFbFZOhA/getUpdates?offset=207531821&timeout=20 HTTP/1.1" 200 23
2022-12-16 08:55:57,599 - connectionpool - DEBUG - _make_request: 456 - https://api.telegram.org:443 "GET /bot5663154433:AAGj997VkKfXiyuTWv3URmklpVFWFbFZOhA/getUpdates?offset=207531821&timeout=20 HTTP/1.1" 200 23
2022-12-16 08:56:17,663 - connectionpool - DEBUG - _make_request: 456 - https://api.telegram.org:443 "GET /bot5663154433:AAGj997VkKfXiyuTWv3URmklpVFWFbFZOhA/getUpdates?offset=207531821&timeout=20 HTTP/1.1" 200 23
2022-12-16 08:56:37,722 - connectionpool - DEBUG - _make_request: 456 - https://api.telegram.org:443 "GET /bot5663154433:AAGj997VkKfXiyuTWv3URmklpVFWFbFZOhA/getUpdates?offset=207531821&timeout=20 HTTP/1.1" 200 23
2022-12-16 08:56:57,786 - connectionpool - DEBUG - _make_request: 456 - https://api.telegram.org:443 "GET /bot5663154433:AAGj997VkKfXiyuTWv3URmklpVFWFbFZOhA/getUpdates?offset=207531821&timeout=20 HTTP/1.1" 200 23
2022-12-16 08:57:17,847 - connectionpool - DEBUG - _make_request: 456 - https://api.telegram.org:443 "GET /bot5663154433:AAGj997VkKfXiyuTWv3URmklpVFWFbFZOhA/getUpdates?offset=207531821&timeout=20 HTTP/1.1" 200 23
2022-12-16 08:57:37,906 - connectionpool - DEBUG - _make_request: 456 - https://api.telegram.org:443 "GET /bot5663154433:AAGj997VkKfXiyuTWv3URmklpVFWFbFZOhA/getUpdates?offset=207531821&timeout=20 HTTP/1.1" 200 23
2022-12-16 08:57:49,937 - main - INFO - <module>: 2 - START main.py
2022-12-16 08:57:49,937 - main - CRITICAL - <module>: 9 - execution is not possible
2022-12-16 08:57:49,937 - main - ERROR - <module>: 10 - problems
Traceback (most recent call last):
  File "d:/Program/Prog/tb_py_ds10/phonebook_files/main.py", line 6, in <module>
    con.main_menu()
TypeError: main_menu() missing 1 required positional argument: 'message'
2022-12-16 09:26:23,288 - connectionpool - DEBUG - _new_conn: 1003 - Starting new HTTPS connection (1): api.telegram.org:443
2022-12-16 09:26:26,810 - connectionpool - DEBUG - _make_request: 456 - https://api.telegram.org:443 "GET /bot5663154433:AAGj997VkKfXiyuTWv3URmklpVFWFbFZOhA/getUpdates?offset=1&timeout=20 HTTP/1.1" 200 352
2022-12-16 09:26:26,811 - controller - DEBUG - main_menu: 19 - function call - main_menu
2022-12-16 09:26:26,815 - connectionpool - DEBUG - _new_conn: 1003 - Starting new HTTPS connection (1): api.telegram.org:443
2022-12-16 09:26:27,037 - connectionpool - DEBUG - _make_request: 456 - https://api.telegram.org:443 "POST /bot5663154433:AAGj997VkKfXiyuTWv3URmklpVFWFbFZOhA/sendMessage?chat_id=5180111772&text=%D0%93%D0%BB%D0%B0%D0%B2%D0%BD%D0%BE%D0%B5+%D0%BC%D0%B5%D0%BD%D1%8E&reply_markup=%7B%22inline_keyboard%22%3A+%5B%5B%7B%22text%22%3A+%221.+%5Cu041f%5Cu043e%5Cu043a%5Cu0430%5Cu0437%5Cu0430%5Cu0442%5Cu044c+%5Cu0441%5Cu043f%5Cu0438%5Cu0441%5Cu043e%5Cu043a+%5Cu043a%5Cu043e%5Cu043d%5Cu0442%5Cu0430%5Cu043a%5Cu0442%5Cu043e%5Cu0432%22%2C+%22callback_data%22%3A+%22searchAllCon%22%7D%5D%2C+%5B%7B%22text%22%3A+%222.+%5Cu041f%5Cu043e%5Cu0438%5Cu0441%5Cu043a+%5Cu0441%5Cu0443%5Cu0449%5Cu0435%5Cu0441%5Cu0442%5Cu0432%5Cu0443%5Cu044e%5Cu0449%5Cu0435%5Cu0433%5Cu043e+%5Cu043a%5Cu043e%5Cu043d%5Cu0442%5Cu0430%5Cu043a%5Cu0442%5Cu0430%22%2C+%22callback_data%22%3A+%22searchCon%22%7D%5D%2C+%5B%7B%22text%22%3A+%223.+%5Cu0414%5Cu043e%5Cu0431%5Cu0430%5Cu0432%5Cu0438%5Cu0442%5Cu044c+%5Cu043d%5Cu043e%5Cu0432%5Cu044b%5Cu0439+%5Cu043a%5Cu043e%5Cu043d%5Cu0442%5Cu0430%5Cu043a%5Cu0442%22%2C+%22callback_data%22%3A+%22newCon%22%7D%5D%2C+%5B%7B%22text%22%3A+%224.+%5Cu0418%5Cu0437%5Cu043c%5Cu0435%5Cu043d%5Cu0438%5Cu0442%5Cu044c+%5Cu043a%5Cu043e%5Cu043d%5Cu0442%5Cu0430%5Cu043a%5Cu0442%22%2C+%22callback_data%22%3A+%22redactCon%22%7D%5D%2C+%5B%7B%22text%22%3A+%225.+%5Cu0423%5Cu0434%5Cu0430%5Cu043b%5Cu0438%5Cu0442%5Cu044c+%5Cu043a%5Cu043e%5Cu043d%5Cu0442%5Cu0430%5Cu043a%5Cu0442%22%2C+%22callback_data%22%3A+%22delitCon%22%7D%5D%5D%7D HTTP/1.1" 200 1175
2022-12-16 09:26:29,420 - connectionpool - DEBUG - _make_request: 456 - https://api.telegram.org:443 "GET /bot5663154433:AAGj997VkKfXiyuTWv3URmklpVFWFbFZOhA/getUpdates?offset=207531822&timeout=20 HTTP/1.1" 200 1417
2022-12-16 09:26:29,422 - controller - DEBUG - callback_worker: 504 - function call - callback_worker
2022-12-16 09:26:29,423 - controller - DEBUG - redactcontact_menu: 229 - function call - searchcontact_menu
2022-12-16 09:26:29,435 - connectionpool - DEBUG - _new_conn: 1003 - Starting new HTTPS connection (1): api.telegram.org:443
2022-12-16 09:26:29,709 - connectionpool - DEBUG - _make_request: 456 - https://api.telegram.org:443 "POST /bot5663154433:AAGj997VkKfXiyuTWv3URmklpVFWFbFZOhA/sendMessage?chat_id=5180111772&text=%D0%9C%D0%B5%D0%BD%D1%8E+%D1%80%D0%B5%D0%B4%D0%B0%D0%BA%D1%82%D0%B8%D1%80%D0%BE%D0%B2%D0%B0%D0%BD%D0%B8%D1%8F+%D0%BA%D0%BE%D0%BD%D1%82%D0%B0%D0%BA%D1%82%D0%B0&reply_markup=%7B%22inline_keyboard%22%3A+%5B%5B%7B%22text%22%3A+%221.+%5Cu041f%5Cu043e%5Cu0438%5Cu0441%5Cu043a+%5Cu043f%5Cu043e+%5Cu0424.%5Cu0418.%5Cu041e%22%2C+%22callback_data%22%3A+%22name1%22%7D%5D%2C+%5B%7B%22text%22%3A+%222.+%5Cu041f%5Cu043e%5Cu0438%5Cu0441%5Cu043a+%5Cu043f%5Cu043e+%5Cu043d%5Cu043e%5Cu043c%5Cu0435%5Cu0440%5Cu0443+%5Cu0442%5Cu0435%5Cu043b%5Cu0435%5Cu0444%5Cu043e%5Cu043d%5Cu0430%22%2C+%22callback_data%22%3A+%22telnum1%22%7D%5D%2C+%5B%7B%22text%22%3A+%223.+%5Cu041f%5Cu043e%5Cu0438%5Cu0441%5Cu043a+%5Cu043f%5Cu043e+email%22%2C+%22callback_data%22%3A+%22ema1%22%7D%5D%2C+%5B%7B%22text%22%3A+%224.+%5Cu0412%5Cu044b%5Cu0445%5Cu043e%5Cu0434+%5Cu0432+%5Cu0433%5Cu043b%5Cu0430%5Cu0432%5Cu043d%5Cu043e%5Cu0435+%5Cu043c%5Cu0435%5Cu043d%5Cu044e%22%2C+%22callback_data%22%3A+%22back%22%7D%5D%5D%7D HTTP/1.1" 200 957
2022-12-16 09:26:30,975 - connectionpool - DEBUG - _make_request: 456 - https://api.telegram.org:443 "GET /bot5663154433:AAGj997VkKfXiyuTWv3URmklpVFWFbFZOhA/getUpdates?offset=207531823&timeout=20 HTTP/1.1" 200 1195
2022-12-16 09:26:30,976 - controller - DEBUG - callback_worker: 504 - function call - callback_worker
2022-12-16 09:26:30,976 - controller - DEBUG - start1_name: 281 - function call - start_name
2022-12-16 09:26:31,067 - connectionpool - DEBUG - _make_request: 456 - https://api.telegram.org:443 "POST /bot5663154433:AAGj997VkKfXiyuTWv3URmklpVFWFbFZOhA/sendMessage?chat_id=5180111772&text=%D0%94%D0%B0%D0%BD%D0%BD%D1%8B%D0%B5+%D0%B2%D0%B2%D0%BE%D0%B4%D0%B8%D1%82%D1%8C+%D0%BD%D0%B0+%D0%B0%D0%BD%D0%B3%D0%BB%D0%B8%D1%81%D0%BA%D0%BE%D0%BC HTTP/1.1" 200 398
2022-12-16 09:26:31,147 - connectionpool - DEBUG - _make_request: 456 - https://api.telegram.org:443 "POST /bot5663154433:AAGj997VkKfXiyuTWv3URmklpVFWFbFZOhA/sendMessage?chat_id=5180111772&text=%D0%92%D0%B2%D0%B5%D0%B4%D0%B8%D1%82%D0%B5+%D0%B8%D0%BC%D1%8F+%2F+%D1%84%D0%B0%D0%BC%D0%B8%D0%BB%D0%B8%D1%8F+%2F+%D0%BE%D1%82%D1%87%D0%B5%D1%81%D1%82%D0%B2%D0%BE HTTP/1.1" 200 408
2022-12-16 09:26:34,988 - connectionpool - DEBUG - _make_request: 456 - https://api.telegram.org:443 "GET /bot5663154433:AAGj997VkKfXiyuTWv3URmklpVFWFbFZOhA/getUpdates?offset=207531824&timeout=20 HTTP/1.1" 200 291
2022-12-16 09:26:34,989 - controller - DEBUG - search1_name: 287 - function call - search_name
2022-12-16 09:26:34,991 - util - ERROR - run: 66 - TypeError occurred, args=("searchtxt_r() missing 1 required positional argument: 'search'",)
Traceback (most recent call last):
  File "C:\Python38\lib\site-packages\telebot\util.py", line 60, in run
    task(*args, **kwargs)
  File "d:\Program\Prog\tb_py_ds10\phonebook_files\controller.py", line 291, in search1_name
    infoc = searchtxt_r(search)
TypeError: searchtxt_r() missing 1 required positional argument: 'search'

2022-12-16 09:29:11,180 - connectionpool - DEBUG - _new_conn: 1003 - Starting new HTTPS connection (1): api.telegram.org:443
2022-12-16 09:29:13,626 - connectionpool - DEBUG - _make_request: 456 - https://api.telegram.org:443 "GET /bot5663154433:AAGj997VkKfXiyuTWv3URmklpVFWFbFZOhA/getUpdates?offset=1&timeout=20 HTTP/1.1" 200 352
2022-12-16 09:29:13,627 - controller - DEBUG - main_menu: 19 - function call - main_menu
2022-12-16 09:29:13,630 - connectionpool - DEBUG - _new_conn: 1003 - Starting new HTTPS connection (1): api.telegram.org:443
2022-12-16 09:29:13,842 - connectionpool - DEBUG - _make_request: 456 - https://api.telegram.org:443 "POST /bot5663154433:AAGj997VkKfXiyuTWv3URmklpVFWFbFZOhA/sendMessage?chat_id=5180111772&text=%D0%93%D0%BB%D0%B0%D0%B2%D0%BD%D0%BE%D0%B5+%D0%BC%D0%B5%D0%BD%D1%8E&reply_markup=%7B%22inline_keyboard%22%3A+%5B%5B%7B%22text%22%3A+%221.+%5Cu041f%5Cu043e%5Cu043a%5Cu0430%5Cu0437%5Cu0430%5Cu0442%5Cu044c+%5Cu0441%5Cu043f%5Cu0438%5Cu0441%5Cu043e%5Cu043a+%5Cu043a%5Cu043e%5Cu043d%5Cu0442%5Cu0430%5Cu043a%5Cu0442%5Cu043e%5Cu0432%22%2C+%22callback_data%22%3A+%22searchAllCon%22%7D%5D%2C+%5B%7B%22text%22%3A+%222.+%5Cu041f%5Cu043e%5Cu0438%5Cu0441%5Cu043a+%5Cu0441%5Cu0443%5Cu0449%5Cu0435%5Cu0441%5Cu0442%5Cu0432%5Cu0443%5Cu044e%5Cu0449%5Cu0435%5Cu0433%5Cu043e+%5Cu043a%5Cu043e%5Cu043d%5Cu0442%5Cu0430%5Cu043a%5Cu0442%5Cu0430%22%2C+%22callback_data%22%3A+%22searchCon%22%7D%5D%2C+%5B%7B%22text%22%3A+%223.+%5Cu0414%5Cu043e%5Cu0431%5Cu0430%5Cu0432%5Cu0438%5Cu0442%5Cu044c+%5Cu043d%5Cu043e%5Cu0432%5Cu044b%5Cu0439+%5Cu043a%5Cu043e%5Cu043d%5Cu0442%5Cu0430%5Cu043a%5Cu0442%22%2C+%22callback_data%22%3A+%22newCon%22%7D%5D%2C+%5B%7B%22text%22%3A+%224.+%5Cu0418%5Cu0437%5Cu043c%5Cu0435%5Cu043d%5Cu0438%5Cu0442%5Cu044c+%5Cu043a%5Cu043e%5Cu043d%5Cu0442%5Cu0430%5Cu043a%5Cu0442%22%2C+%22callback_data%22%3A+%22redactCon%22%7D%5D%2C+%5B%7B%22text%22%3A+%225.+%5Cu0423%5Cu0434%5Cu0430%5Cu043b%5Cu0438%5Cu0442%5Cu044c+%5Cu043a%5Cu043e%5Cu043d%5Cu0442%5Cu0430%5Cu043a%5Cu0442%22%2C+%22callback_data%22%3A+%22delitCon%22%7D%5D%5D%7D HTTP/1.1" 200 1175
2022-12-16 09:29:16,547 - connectionpool - DEBUG - _make_request: 456 - https://api.telegram.org:443 "GET /bot5663154433:AAGj997VkKfXiyuTWv3URmklpVFWFbFZOhA/getUpdates?offset=207531826&timeout=20 HTTP/1.1" 200 1417
2022-12-16 09:29:16,548 - controller - DEBUG - callback_worker: 504 - function call - callback_worker
2022-12-16 09:29:16,549 - controller - DEBUG - redactcontact_menu: 229 - function call - searchcontact_menu
2022-12-16 09:29:16,556 - connectionpool - DEBUG - _new_conn: 1003 - Starting new HTTPS connection (1): api.telegram.org:443
2022-12-16 09:29:16,807 - connectionpool - DEBUG - _make_request: 456 - https://api.telegram.org:443 "POST /bot5663154433:AAGj997VkKfXiyuTWv3URmklpVFWFbFZOhA/sendMessage?chat_id=5180111772&text=%D0%9C%D0%B5%D0%BD%D1%8E+%D1%80%D0%B5%D0%B4%D0%B0%D0%BA%D1%82%D0%B8%D1%80%D0%BE%D0%B2%D0%B0%D0%BD%D0%B8%D1%8F+%D0%BA%D0%BE%D0%BD%D1%82%D0%B0%D0%BA%D1%82%D0%B0&reply_markup=%7B%22inline_keyboard%22%3A+%5B%5B%7B%22text%22%3A+%221.+%5Cu041f%5Cu043e%5Cu0438%5Cu0441%5Cu043a+%5Cu043f%5Cu043e+%5Cu0424.%5Cu0418.%5Cu041e%22%2C+%22callback_data%22%3A+%22name1%22%7D%5D%2C+%5B%7B%22text%22%3A+%222.+%5Cu041f%5Cu043e%5Cu0438%5Cu0441%5Cu043a+%5Cu043f%5Cu043e+%5Cu043d%5Cu043e%5Cu043c%5Cu0435%5Cu0440%5Cu0443+%5Cu0442%5Cu0435%5Cu043b%5Cu0435%5Cu0444%5Cu043e%5Cu043d%5Cu0430%22%2C+%22callback_data%22%3A+%22telnum1%22%7D%5D%2C+%5B%7B%22text%22%3A+%223.+%5Cu041f%5Cu043e%5Cu0438%5Cu0441%5Cu043a+%5Cu043f%5Cu043e+email%22%2C+%22callback_data%22%3A+%22ema1%22%7D%5D%2C+%5B%7B%22text%22%3A+%224.+%5Cu0412%5Cu044b%5Cu0445%5Cu043e%5Cu0434+%5Cu0432+%5Cu0433%5Cu043b%5Cu0430%5Cu0432%5Cu043d%5Cu043e%5Cu0435+%5Cu043c%5Cu0435%5Cu043d%5Cu044e%22%2C+%22callback_data%22%3A+%22back%22%7D%5D%5D%7D HTTP/1.1" 200 957
2022-12-16 09:29:18,305 - connectionpool - DEBUG - _make_request: 456 - https://api.telegram.org:443 "GET /bot5663154433:AAGj997VkKfXiyuTWv3URmklpVFWFbFZOhA/getUpdates?offset=207531827&timeout=20 HTTP/1.1" 200 1195
2022-12-16 09:29:18,306 - controller - DEBUG - callback_worker: 504 - function call - callback_worker
2022-12-16 09:29:18,307 - controller - DEBUG - start1_name: 281 - function call - start_name
2022-12-16 09:29:18,391 - connectionpool - DEBUG - _make_request: 456 - https://api.telegram.org:443 "POST /bot5663154433:AAGj997VkKfXiyuTWv3URmklpVFWFbFZOhA/sendMessage?chat_id=5180111772&text=%D0%94%D0%B0%D0%BD%D0%BD%D1%8B%D0%B5+%D0%B2%D0%B2%D0%BE%D0%B4%D0%B8%D1%82%D1%8C+%D0%BD%D0%B0+%D0%B0%D0%BD%D0%B3%D0%BB%D0%B8%D1%81%D0%BA%D0%BE%D0%BC HTTP/1.1" 200 398
2022-12-16 09:29:18,515 - connectionpool - DEBUG - _make_request: 456 - https://api.telegram.org:443 "POST /bot5663154433:AAGj997VkKfXiyuTWv3URmklpVFWFbFZOhA/sendMessage?chat_id=5180111772&text=%D0%92%D0%B2%D0%B5%D0%B4%D0%B8%D1%82%D0%B5+%D0%B8%D0%BC%D1%8F+%2F+%D1%84%D0%B0%D0%BC%D0%B8%D0%BB%D0%B8%D1%8F+%2F+%D0%BE%D1%82%D1%87%D0%B5%D1%81%D1%82%D0%B2%D0%BE HTTP/1.1" 200 408
2022-12-16 09:29:21,363 - connectionpool - DEBUG - _make_request: 456 - https://api.telegram.org:443 "GET /bot5663154433:AAGj997VkKfXiyuTWv3URmklpVFWFbFZOhA/getUpdates?offset=207531828&timeout=20 HTTP/1.1" 200 291
2022-12-16 09:29:21,363 - controller - DEBUG - search1_name: 287 - function call - search_name
2022-12-16 09:29:21,363 - controller - DEBUG - oldname: 338 - function call - start_name
2022-12-16 09:29:21,440 - connectionpool - DEBUG - _make_request: 456 - https://api.telegram.org:443 "POST /bot5663154433:AAGj997VkKfXiyuTWv3URmklpVFWFbFZOhA/sendMessage?chat_id=5180111772&text=%D0%94%D0%B0%D0%BD%D0%BD%D1%8B%D0%B5+%D0%B2%D0%B2%D0%BE%D0%B4%D0%B8%D1%82%D1%8C+%D0%BD%D0%B0+%D0%B0%D0%BD%D0%B3%D0%BB%D0%B8%D1%81%D0%BA%D0%BE%D0%BC HTTP/1.1" 200 398
2022-12-16 09:29:21,519 - connectionpool - DEBUG - _make_request: 456 - https://api.telegram.org:443 "POST /bot5663154433:AAGj997VkKfXiyuTWv3URmklpVFWFbFZOhA/sendMessage?chat_id=5180111772&text=%D0%A7%D1%82%D0%BE+%D0%BC%D0%B5%D0%BD%D1%8F%D0%B5%D0%BC%3F HTTP/1.1" 200 307
2022-12-16 09:29:21,520 - util - ERROR - run: 66 - TypeError occurred, args=("searchtxt_r() missing 1 required positional argument: 'search'",)
Traceback (most recent call last):
  File "C:\Python38\lib\site-packages\telebot\util.py", line 60, in run
    task(*args, **kwargs)
  File "d:\Program\Prog\tb_py_ds10\phonebook_files\controller.py", line 296, in search1_name
    infoc = searchtxt_r(search)
TypeError: searchtxt_r() missing 1 required positional argument: 'search'

2022-12-16 09:30:06,099 - connectionpool - DEBUG - _new_conn: 1003 - Starting new HTTPS connection (1): api.telegram.org:443
2022-12-16 09:30:08,709 - connectionpool - DEBUG - _make_request: 456 - https://api.telegram.org:443 "GET /bot5663154433:AAGj997VkKfXiyuTWv3URmklpVFWFbFZOhA/getUpdates?offset=1&timeout=20 HTTP/1.1" 200 352
2022-12-16 09:30:08,710 - controller - DEBUG - main_menu: 19 - function call - main_menu
2022-12-16 09:30:08,716 - connectionpool - DEBUG - _new_conn: 1003 - Starting new HTTPS connection (1): api.telegram.org:443
2022-12-16 09:30:08,955 - connectionpool - DEBUG - _make_request: 456 - https://api.telegram.org:443 "POST /bot5663154433:AAGj997VkKfXiyuTWv3URmklpVFWFbFZOhA/sendMessage?chat_id=5180111772&text=%D0%93%D0%BB%D0%B0%D0%B2%D0%BD%D0%BE%D0%B5+%D0%BC%D0%B5%D0%BD%D1%8E&reply_markup=%7B%22inline_keyboard%22%3A+%5B%5B%7B%22text%22%3A+%221.+%5Cu041f%5Cu043e%5Cu043a%5Cu0430%5Cu0437%5Cu0430%5Cu0442%5Cu044c+%5Cu0441%5Cu043f%5Cu0438%5Cu0441%5Cu043e%5Cu043a+%5Cu043a%5Cu043e%5Cu043d%5Cu0442%5Cu0430%5Cu043a%5Cu0442%5Cu043e%5Cu0432%22%2C+%22callback_data%22%3A+%22searchAllCon%22%7D%5D%2C+%5B%7B%22text%22%3A+%222.+%5Cu041f%5Cu043e%5Cu0438%5Cu0441%5Cu043a+%5Cu0441%5Cu0443%5Cu0449%5Cu0435%5Cu0441%5Cu0442%5Cu0432%5Cu0443%5Cu044e%5Cu0449%5Cu0435%5Cu0433%5Cu043e+%5Cu043a%5Cu043e%5Cu043d%5Cu0442%5Cu0430%5Cu043a%5Cu0442%5Cu0430%22%2C+%22callback_data%22%3A+%22searchCon%22%7D%5D%2C+%5B%7B%22text%22%3A+%223.+%5Cu0414%5Cu043e%5Cu0431%5Cu0430%5Cu0432%5Cu0438%5Cu0442%5Cu044c+%5Cu043d%5Cu043e%5Cu0432%5Cu044b%5Cu0439+%5Cu043a%5Cu043e%5Cu043d%5Cu0442%5Cu0430%5Cu043a%5Cu0442%22%2C+%22callback_data%22%3A+%22newCon%22%7D%5D%2C+%5B%7B%22text%22%3A+%224.+%5Cu0418%5Cu0437%5Cu043c%5Cu0435%5Cu043d%5Cu0438%5Cu0442%5Cu044c+%5Cu043a%5Cu043e%5Cu043d%5Cu0442%5Cu0430%5Cu043a%5Cu0442%22%2C+%22callback_data%22%3A+%22redactCon%22%7D%5D%2C+%5B%7B%22text%22%3A+%225.+%5Cu0423%5Cu0434%5Cu0430%5Cu043b%5Cu0438%5Cu0442%5Cu044c+%5Cu043a%5Cu043e%5Cu043d%5Cu0442%5Cu0430%5Cu043a%5Cu0442%22%2C+%22callback_data%22%3A+%22delitCon%22%7D%5D%5D%7D HTTP/1.1" 200 1175
2022-12-16 09:30:11,336 - connectionpool - DEBUG - _make_request: 456 - https://api.telegram.org:443 "GET /bot5663154433:AAGj997VkKfXiyuTWv3URmklpVFWFbFZOhA/getUpdates?offset=207531830&timeout=20 HTTP/1.1" 200 1417
2022-12-16 09:30:11,336 - controller - DEBUG - callback_worker: 504 - function call - callback_worker
2022-12-16 09:30:11,336 - controller - DEBUG - redactcontact_menu: 229 - function call - searchcontact_menu
2022-12-16 09:30:11,443 - connectionpool - DEBUG - _make_request: 456 - https://api.telegram.org:443 "POST /bot5663154433:AAGj997VkKfXiyuTWv3URmklpVFWFbFZOhA/sendMessage?chat_id=5180111772&text=%D0%9C%D0%B5%D0%BD%D1%8E+%D1%80%D0%B5%D0%B4%D0%B0%D0%BA%D1%82%D0%B8%D1%80%D0%BE%D0%B2%D0%B0%D0%BD%D0%B8%D1%8F+%D0%BA%D0%BE%D0%BD%D1%82%D0%B0%D0%BA%D1%82%D0%B0&reply_markup=%7B%22inline_keyboard%22%3A+%5B%5B%7B%22text%22%3A+%221.+%5Cu041f%5Cu043e%5Cu0438%5Cu0441%5Cu043a+%5Cu043f%5Cu043e+%5Cu0424.%5Cu0418.%5Cu041e%22%2C+%22callback_data%22%3A+%22name1%22%7D%5D%2C+%5B%7B%22text%22%3A+%222.+%5Cu041f%5Cu043e%5Cu0438%5Cu0441%5Cu043a+%5Cu043f%5Cu043e+%5Cu043d%5Cu043e%5Cu043c%5Cu0435%5Cu0440%5Cu0443+%5Cu0442%5Cu0435%5Cu043b%5Cu0435%5Cu0444%5Cu043e%5Cu043d%5Cu0430%22%2C+%22callback_data%22%3A+%22telnum1%22%7D%5D%2C+%5B%7B%22text%22%3A+%223.+%5Cu041f%5Cu043e%5Cu0438%5Cu0441%5Cu043a+%5Cu043f%5Cu043e+email%22%2C+%22callback_data%22%3A+%22ema1%22%7D%5D%2C+%5B%7B%22text%22%3A+%224.+%5Cu0412%5Cu044b%5Cu0445%5Cu043e%5Cu0434+%5Cu0432+%5Cu0433%5Cu043b%5Cu0430%5Cu0432%5Cu043d%5Cu043e%5Cu0435+%5Cu043c%5Cu0435%5Cu043d%5Cu044e%22%2C+%22callback_data%22%3A+%22back%22%7D%5D%5D%7D HTTP/1.1" 200 957
2022-12-16 09:30:12,647 - connectionpool - DEBUG - _make_request: 456 - https://api.telegram.org:443 "GET /bot5663154433:AAGj997VkKfXiyuTWv3URmklpVFWFbFZOhA/getUpdates?offset=207531831&timeout=20 HTTP/1.1" 200 1195
2022-12-16 09:30:12,649 - controller - DEBUG - callback_worker: 504 - function call - callback_worker
2022-12-16 09:30:12,649 - controller - DEBUG - start1_name: 281 - function call - start_name
2022-12-16 09:30:12,655 - connectionpool - DEBUG - _new_conn: 1003 - Starting new HTTPS connection (1): api.telegram.org:443
2022-12-16 09:30:13,021 - connectionpool - DEBUG - _make_request: 456 - https://api.telegram.org:443 "POST /bot5663154433:AAGj997VkKfXiyuTWv3URmklpVFWFbFZOhA/sendMessage?chat_id=5180111772&text=%D0%94%D0%B0%D0%BD%D0%BD%D1%8B%D0%B5+%D0%B2%D0%B2%D0%BE%D0%B4%D0%B8%D1%82%D1%8C+%D0%BD%D0%B0+%D0%B0%D0%BD%D0%B3%D0%BB%D0%B8%D1%81%D0%BA%D0%BE%D0%BC HTTP/1.1" 200 398
2022-12-16 09:30:13,214 - connectionpool - DEBUG - _make_request: 456 - https://api.telegram.org:443 "POST /bot5663154433:AAGj997VkKfXiyuTWv3URmklpVFWFbFZOhA/sendMessage?chat_id=5180111772&text=%D0%92%D0%B2%D0%B5%D0%B4%D0%B8%D1%82%D0%B5+%D0%B8%D0%BC%D1%8F+%2F+%D1%84%D0%B0%D0%BC%D0%B8%D0%BB%D0%B8%D1%8F+%2F+%D0%BE%D1%82%D1%87%D0%B5%D1%81%D1%82%D0%B2%D0%BE HTTP/1.1" 200 408
2022-12-16 09:30:16,664 - connectionpool - DEBUG - _make_request: 456 - https://api.telegram.org:443 "GET /bot5663154433:AAGj997VkKfXiyuTWv3URmklpVFWFbFZOhA/getUpdates?offset=207531832&timeout=20 HTTP/1.1" 200 291
2022-12-16 09:30:16,664 - controller - DEBUG - search1_name: 287 - function call - search_name
2022-12-16 09:30:16,664 - controller - DEBUG - oldname: 338 - function call - start_name
2022-12-16 09:30:16,749 - connectionpool - DEBUG - _make_request: 456 - https://api.telegram.org:443 "POST /bot5663154433:AAGj997VkKfXiyuTWv3URmklpVFWFbFZOhA/sendMessage?chat_id=5180111772&text=%D0%94%D0%B0%D0%BD%D0%BD%D1%8B%D0%B5+%D0%B2%D0%B2%D0%BE%D0%B4%D0%B8%D1%82%D1%8C+%D0%BD%D0%B0+%D0%B0%D0%BD%D0%B3%D0%BB%D0%B8%D1%81%D0%BA%D0%BE%D0%BC HTTP/1.1" 200 398
2022-12-16 09:30:16,827 - connectionpool - DEBUG - _make_request: 456 - https://api.telegram.org:443 "POST /bot5663154433:AAGj997VkKfXiyuTWv3URmklpVFWFbFZOhA/sendMessage?chat_id=5180111772&text=%D0%A7%D1%82%D0%BE+%D0%BC%D0%B5%D0%BD%D1%8F%D0%B5%D0%BC%3F HTTP/1.1" 200 307
2022-12-16 09:30:16,827 - controller - DEBUG - searchtxt_r: 252 - function call - searchtxt
2022-12-16 09:30:16,827 - controller - INFO - searchtxt_r: 256 - open and read the file: myphonebook.txt
2022-12-16 09:30:16,922 - connectionpool - DEBUG - _make_request: 456 - https://api.telegram.org:443 "POST /bot5663154433:AAGj997VkKfXiyuTWv3URmklpVFWFbFZOhA/sendMessage?chat_id=5180111772&text=%5BRex+For+Dep%2C+444-444-44%2C+redf2122%40gmail.com%5D%0A HTTP/1.1" 200 350
2022-12-16 09:30:16,922 - util - ERROR - run: 66 - NameError occurred, args=("name 'oldn' is not defined",)
Traceback (most recent call last):
  File "C:\Python38\lib\site-packages\telebot\util.py", line 60, in run
    task(*args, **kwargs)
  File "d:\Program\Prog\tb_py_ds10\phonebook_files\controller.py", line 296, in search1_name
    infoc = searchtxt_r(message, search)
  File "d:\Program\Prog\tb_py_ds10\phonebook_files\controller.py", line 264, in searchtxt_r
    filecontents[c] = filecontents[c].replace(oldn, newn)
NameError: name 'oldn' is not defined

2022-12-16 09:33:43,441 - connectionpool - DEBUG - _new_conn: 1003 - Starting new HTTPS connection (1): api.telegram.org:443
2022-12-16 09:33:43,703 - connectionpool - DEBUG - _make_request: 456 - https://api.telegram.org:443 "GET /bot5663154433:AAGj997VkKfXiyuTWv3URmklpVFWFbFZOhA/getUpdates?offset=1&timeout=20 HTTP/1.1" 200 291
2022-12-16 09:33:43,703 - controller - DEBUG - main_menu: 19 - function call - main_menu
2022-12-16 09:33:46,455 - connectionpool - DEBUG - _make_request: 456 - https://api.telegram.org:443 "GET /bot5663154433:AAGj997VkKfXiyuTWv3URmklpVFWFbFZOhA/getUpdates?offset=207531834&timeout=20 HTTP/1.1" 200 352
2022-12-16 09:33:46,456 - controller - DEBUG - main_menu: 19 - function call - main_menu
2022-12-16 09:33:46,459 - connectionpool - DEBUG - _new_conn: 1003 - Starting new HTTPS connection (1): api.telegram.org:443
2022-12-16 09:33:46,685 - connectionpool - DEBUG - _make_request: 456 - https://api.telegram.org:443 "POST /bot5663154433:AAGj997VkKfXiyuTWv3URmklpVFWFbFZOhA/sendMessage?chat_id=5180111772&text=%D0%93%D0%BB%D0%B0%D0%B2%D0%BD%D0%BE%D0%B5+%D0%BC%D0%B5%D0%BD%D1%8E&reply_markup=%7B%22inline_keyboard%22%3A+%5B%5B%7B%22text%22%3A+%221.+%5Cu041f%5Cu043e%5Cu043a%5Cu0430%5Cu0437%5Cu0430%5Cu0442%5Cu044c+%5Cu0441%5Cu043f%5Cu0438%5Cu0441%5Cu043e%5Cu043a+%5Cu043a%5Cu043e%5Cu043d%5Cu0442%5Cu0430%5Cu043a%5Cu0442%5Cu043e%5Cu0432%22%2C+%22callback_data%22%3A+%22searchAllCon%22%7D%5D%2C+%5B%7B%22text%22%3A+%222.+%5Cu041f%5Cu043e%5Cu0438%5Cu0441%5Cu043a+%5Cu0441%5Cu0443%5Cu0449%5Cu0435%5Cu0441%5Cu0442%5Cu0432%5Cu0443%5Cu044e%5Cu0449%5Cu0435%5Cu0433%5Cu043e+%5Cu043a%5Cu043e%5Cu043d%5Cu0442%5Cu0430%5Cu043a%5Cu0442%5Cu0430%22%2C+%22callback_data%22%3A+%22searchCon%22%7D%5D%2C+%5B%7B%22text%22%3A+%223.+%5Cu0414%5Cu043e%5Cu0431%5Cu0430%5Cu0432%5Cu0438%5Cu0442%5Cu044c+%5Cu043d%5Cu043e%5Cu0432%5Cu044b%5Cu0439+%5Cu043a%5Cu043e%5Cu043d%5Cu0442%5Cu0430%5Cu043a%5Cu0442%22%2C+%22callback_data%22%3A+%22newCon%22%7D%5D%2C+%5B%7B%22text%22%3A+%224.+%5Cu0418%5Cu0437%5Cu043c%5Cu0435%5Cu043d%5Cu0438%5Cu0442%5Cu044c+%5Cu043a%5Cu043e%5Cu043d%5Cu0442%5Cu0430%5Cu043a%5Cu0442%22%2C+%22callback_data%22%3A+%22redactCon%22%7D%5D%2C+%5B%7B%22text%22%3A+%225.+%5Cu0423%5Cu0434%5Cu0430%5Cu043b%5Cu0438%5Cu0442%5Cu044c+%5Cu043a%5Cu043e%5Cu043d%5Cu0442%5Cu0430%5Cu043a%5Cu0442%22%2C+%22callback_data%22%3A+%22delitCon%22%7D%5D%5D%7D HTTP/1.1" 200 1175
2022-12-16 09:33:48,444 - connectionpool - DEBUG - _make_request: 456 - https://api.telegram.org:443 "GET /bot5663154433:AAGj997VkKfXiyuTWv3URmklpVFWFbFZOhA/getUpdates?offset=207531835&timeout=20 HTTP/1.1" 200 1417
2022-12-16 09:33:48,446 - controller - DEBUG - callback_worker: 508 - function call - callback_worker
2022-12-16 09:33:48,447 - controller - DEBUG - redactcontact_menu: 229 - function call - searchcontact_menu
2022-12-16 09:33:48,546 - connectionpool - DEBUG - _make_request: 456 - https://api.telegram.org:443 "POST /bot5663154433:AAGj997VkKfXiyuTWv3URmklpVFWFbFZOhA/sendMessage?chat_id=5180111772&text=%D0%9C%D0%B5%D0%BD%D1%8E+%D1%80%D0%B5%D0%B4%D0%B0%D0%BA%D1%82%D0%B8%D1%80%D0%BE%D0%B2%D0%B0%D0%BD%D0%B8%D1%8F+%D0%BA%D0%BE%D0%BD%D1%82%D0%B0%D0%BA%D1%82%D0%B0&reply_markup=%7B%22inline_keyboard%22%3A+%5B%5B%7B%22text%22%3A+%221.+%5Cu041f%5Cu043e%5Cu0438%5Cu0441%5Cu043a+%5Cu043f%5Cu043e+%5Cu0424.%5Cu0418.%5Cu041e%22%2C+%22callback_data%22%3A+%22name1%22%7D%5D%2C+%5B%7B%22text%22%3A+%222.+%5Cu041f%5Cu043e%5Cu0438%5Cu0441%5Cu043a+%5Cu043f%5Cu043e+%5Cu043d%5Cu043e%5Cu043c%5Cu0435%5Cu0440%5Cu0443+%5Cu0442%5Cu0435%5Cu043b%5Cu0435%5Cu0444%5Cu043e%5Cu043d%5Cu0430%22%2C+%22callback_data%22%3A+%22telnum1%22%7D%5D%2C+%5B%7B%22text%22%3A+%223.+%5Cu041f%5Cu043e%5Cu0438%5Cu0441%5Cu043a+%5Cu043f%5Cu043e+email%22%2C+%22callback_data%22%3A+%22ema1%22%7D%5D%2C+%5B%7B%22text%22%3A+%224.+%5Cu0412%5Cu044b%5Cu0445%5Cu043e%5Cu0434+%5Cu0432+%5Cu0433%5Cu043b%5Cu0430%5Cu0432%5Cu043d%5Cu043e%5Cu0435+%5Cu043c%5Cu0435%5Cu043d%5Cu044e%22%2C+%22callback_data%22%3A+%22back%22%7D%5D%5D%7D HTTP/1.1" 200 957
2022-12-16 09:33:49,727 - connectionpool - DEBUG - _make_request: 456 - https://api.telegram.org:443 "GET /bot5663154433:AAGj997VkKfXiyuTWv3URmklpVFWFbFZOhA/getUpdates?offset=207531836&timeout=20 HTTP/1.1" 200 1195
2022-12-16 09:33:49,730 - controller - DEBUG - callback_worker: 508 - function call - callback_worker
2022-12-16 09:33:49,730 - controller - DEBUG - start1_name: 281 - function call - start_name
2022-12-16 09:33:49,741 - connectionpool - DEBUG - _new_conn: 1003 - Starting new HTTPS connection (1): api.telegram.org:443
2022-12-16 09:33:49,999 - connectionpool - DEBUG - _make_request: 456 - https://api.telegram.org:443 "POST /bot5663154433:AAGj997VkKfXiyuTWv3URmklpVFWFbFZOhA/sendMessage?chat_id=5180111772&text=%D0%94%D0%B0%D0%BD%D0%BD%D1%8B%D0%B5+%D0%B2%D0%B2%D0%BE%D0%B4%D0%B8%D1%82%D1%8C+%D0%BD%D0%B0+%D0%B0%D0%BD%D0%B3%D0%BB%D0%B8%D1%81%D0%BA%D0%BE%D0%BC HTTP/1.1" 200 398
2022-12-16 09:33:50,081 - connectionpool - DEBUG - _make_request: 456 - https://api.telegram.org:443 "POST /bot5663154433:AAGj997VkKfXiyuTWv3URmklpVFWFbFZOhA/sendMessage?chat_id=5180111772&text=%D0%92%D0%B2%D0%B5%D0%B4%D0%B8%D1%82%D0%B5+%D0%B8%D0%BC%D1%8F+%2F+%D1%84%D0%B0%D0%BC%D0%B8%D0%BB%D0%B8%D1%8F+%2F+%D0%BE%D1%82%D1%87%D0%B5%D1%81%D1%82%D0%B2%D0%BE HTTP/1.1" 200 408
2022-12-16 09:33:54,188 - connectionpool - DEBUG - _make_request: 456 - https://api.telegram.org:443 "GET /bot5663154433:AAGj997VkKfXiyuTWv3URmklpVFWFbFZOhA/getUpdates?offset=207531837&timeout=20 HTTP/1.1" 200 291
2022-12-16 09:33:54,189 - controller - DEBUG - search1_name: 287 - function call - search_name
2022-12-16 09:33:54,189 - controller - DEBUG - oldname: 341 - function call - start_name
2022-12-16 09:33:54,293 - connectionpool - DEBUG - _make_request: 456 - https://api.telegram.org:443 "POST /bot5663154433:AAGj997VkKfXiyuTWv3URmklpVFWFbFZOhA/sendMessage?chat_id=5180111772&text=%D0%94%D0%B0%D0%BD%D0%BD%D1%8B%D0%B5+%D0%B2%D0%B2%D0%BE%D0%B4%D0%B8%D1%82%D1%8C+%D0%BD%D0%B0+%D0%B0%D0%BD%D0%B3%D0%BB%D0%B8%D1%81%D0%BA%D0%BE%D0%BC HTTP/1.1" 200 398
2022-12-16 09:33:54,389 - connectionpool - DEBUG - _make_request: 456 - https://api.telegram.org:443 "POST /bot5663154433:AAGj997VkKfXiyuTWv3URmklpVFWFbFZOhA/sendMessage?chat_id=5180111772&text=%D0%A7%D1%82%D0%BE+%D0%BC%D0%B5%D0%BD%D1%8F%D0%B5%D0%BC%3F HTTP/1.1" 200 307
2022-12-16 09:33:54,389 - controller - DEBUG - searchtxt_r: 252 - function call - searchtxt
2022-12-16 09:33:54,391 - controller - INFO - searchtxt_r: 256 - open and read the file: myphonebook.txt
2022-12-16 09:33:54,523 - connectionpool - DEBUG - _make_request: 456 - https://api.telegram.org:443 "POST /bot5663154433:AAGj997VkKfXiyuTWv3URmklpVFWFbFZOhA/sendMessage?chat_id=5180111772&text=%5BRex+For+Dep%2C+444-444-44%2C+redf2122%40gmail.com%5D%0A HTTP/1.1" 200 350
2022-12-16 09:33:54,525 - util - ERROR - run: 66 - NameError occurred, args=("name 'oldn' is not defined",)
Traceback (most recent call last):
  File "C:\Python38\lib\site-packages\telebot\util.py", line 60, in run
    task(*args, **kwargs)
  File "d:\Program\Prog\tb_py_ds10\phonebook_files\controller.py", line 297, in search1_name
    infoc = searchtxt_r(message, search)
  File "d:\Program\Prog\tb_py_ds10\phonebook_files\controller.py", line 264, in searchtxt_r
    filecontents[c] = filecontents[c].replace(oldn, newn)
NameError: name 'oldn' is not defined

2022-12-16 09:41:31,683 - connectionpool - DEBUG - _new_conn: 1003 - Starting new HTTPS connection (1): api.telegram.org:443
2022-12-16 09:41:35,667 - connectionpool - DEBUG - _make_request: 456 - https://api.telegram.org:443 "GET /bot5663154433:AAGj997VkKfXiyuTWv3URmklpVFWFbFZOhA/getUpdates?offset=1&timeout=20 HTTP/1.1" 200 352
2022-12-16 09:41:35,667 - controller - DEBUG - main_menu: 19 - function call - main_menu
2022-12-16 09:41:35,672 - connectionpool - DEBUG - _new_conn: 1003 - Starting new HTTPS connection (1): api.telegram.org:443
2022-12-16 09:41:35,900 - connectionpool - DEBUG - _make_request: 456 - https://api.telegram.org:443 "POST /bot5663154433:AAGj997VkKfXiyuTWv3URmklpVFWFbFZOhA/sendMessage?chat_id=5180111772&text=%D0%93%D0%BB%D0%B0%D0%B2%D0%BD%D0%BE%D0%B5+%D0%BC%D0%B5%D0%BD%D1%8E&reply_markup=%7B%22inline_keyboard%22%3A+%5B%5B%7B%22text%22%3A+%221.+%5Cu041f%5Cu043e%5Cu043a%5Cu0430%5Cu0437%5Cu0430%5Cu0442%5Cu044c+%5Cu0441%5Cu043f%5Cu0438%5Cu0441%5Cu043e%5Cu043a+%5Cu043a%5Cu043e%5Cu043d%5Cu0442%5Cu0430%5Cu043a%5Cu0442%5Cu043e%5Cu0432%22%2C+%22callback_data%22%3A+%22searchAllCon%22%7D%5D%2C+%5B%7B%22text%22%3A+%222.+%5Cu041f%5Cu043e%5Cu0438%5Cu0441%5Cu043a+%5Cu0441%5Cu0443%5Cu0449%5Cu0435%5Cu0441%5Cu0442%5Cu0432%5Cu0443%5Cu044e%5Cu0449%5Cu0435%5Cu0433%5Cu043e+%5Cu043a%5Cu043e%5Cu043d%5Cu0442%5Cu0430%5Cu043a%5Cu0442%5Cu0430%22%2C+%22callback_data%22%3A+%22searchCon%22%7D%5D%2C+%5B%7B%22text%22%3A+%223.+%5Cu0414%5Cu043e%5Cu0431%5Cu0430%5Cu0432%5Cu0438%5Cu0442%5Cu044c+%5Cu043d%5Cu043e%5Cu0432%5Cu044b%5Cu0439+%5Cu043a%5Cu043e%5Cu043d%5Cu0442%5Cu0430%5Cu043a%5Cu0442%22%2C+%22callback_data%22%3A+%22newCon%22%7D%5D%2C+%5B%7B%22text%22%3A+%224.+%5Cu0418%5Cu0437%5Cu043c%5Cu0435%5Cu043d%5Cu0438%5Cu0442%5Cu044c+%5Cu043a%5Cu043e%5Cu043d%5Cu0442%5Cu0430%5Cu043a%5Cu0442%22%2C+%22callback_data%22%3A+%22redactCon%22%7D%5D%2C+%5B%7B%22text%22%3A+%225.+%5Cu0423%5Cu0434%5Cu0430%5Cu043b%5Cu0438%5Cu0442%5Cu044c+%5Cu043a%5Cu043e%5Cu043d%5Cu0442%5Cu0430%5Cu043a%5Cu0442%22%2C+%22callback_data%22%3A+%22delitCon%22%7D%5D%5D%7D HTTP/1.1" 200 1175
2022-12-16 09:41:37,583 - connectionpool - DEBUG - _make_request: 456 - https://api.telegram.org:443 "GET /bot5663154433:AAGj997VkKfXiyuTWv3URmklpVFWFbFZOhA/getUpdates?offset=207531839&timeout=20 HTTP/1.1" 200 1417
2022-12-16 09:41:37,583 - controller - DEBUG - callback_worker: 517 - function call - callback_worker
2022-12-16 09:41:37,583 - controller - DEBUG - redactcontact_menu: 229 - function call - searchcontact_menu
2022-12-16 09:41:37,587 - connectionpool - DEBUG - _new_conn: 1003 - Starting new HTTPS connection (1): api.telegram.org:443
2022-12-16 09:41:37,791 - connectionpool - DEBUG - _make_request: 456 - https://api.telegram.org:443 "POST /bot5663154433:AAGj997VkKfXiyuTWv3URmklpVFWFbFZOhA/sendMessage?chat_id=5180111772&text=%D0%9C%D0%B5%D0%BD%D1%8E+%D1%80%D0%B5%D0%B4%D0%B0%D0%BA%D1%82%D0%B8%D1%80%D0%BE%D0%B2%D0%B0%D0%BD%D0%B8%D1%8F+%D0%BA%D0%BE%D0%BD%D1%82%D0%B0%D0%BA%D1%82%D0%B0&reply_markup=%7B%22inline_keyboard%22%3A+%5B%5B%7B%22text%22%3A+%221.+%5Cu041f%5Cu043e%5Cu0438%5Cu0441%5Cu043a+%5Cu043f%5Cu043e+%5Cu0424.%5Cu0418.%5Cu041e%22%2C+%22callback_data%22%3A+%22name1%22%7D%5D%2C+%5B%7B%22text%22%3A+%222.+%5Cu041f%5Cu043e%5Cu0438%5Cu0441%5Cu043a+%5Cu043f%5Cu043e+%5Cu043d%5Cu043e%5Cu043c%5Cu0435%5Cu0440%5Cu0443+%5Cu0442%5Cu0435%5Cu043b%5Cu0435%5Cu0444%5Cu043e%5Cu043d%5Cu0430%22%2C+%22callback_data%22%3A+%22telnum1%22%7D%5D%2C+%5B%7B%22text%22%3A+%223.+%5Cu041f%5Cu043e%5Cu0438%5Cu0441%5Cu043a+%5Cu043f%5Cu043e+email%22%2C+%22callback_data%22%3A+%22ema1%22%7D%5D%2C+%5B%7B%22text%22%3A+%224.+%5Cu0412%5Cu044b%5Cu0445%5Cu043e%5Cu0434+%5Cu0432+%5Cu0433%5Cu043b%5Cu0430%5Cu0432%5Cu043d%5Cu043e%5Cu0435+%5Cu043c%5Cu0435%5Cu043d%5Cu044e%22%2C+%22callback_data%22%3A+%22back%22%7D%5D%5D%7D HTTP/1.1" 200 957
2022-12-16 09:41:40,451 - connectionpool - DEBUG - _make_request: 456 - https://api.telegram.org:443 "GET /bot5663154433:AAGj997VkKfXiyuTWv3URmklpVFWFbFZOhA/getUpdates?offset=207531840&timeout=20 HTTP/1.1" 200 1194
2022-12-16 09:41:40,453 - controller - DEBUG - callback_worker: 517 - function call - callback_worker
2022-12-16 09:41:40,454 - controller - DEBUG - start1_email: 321 - function call - start_tel
2022-12-16 09:41:40,613 - connectionpool - DEBUG - _make_request: 456 - https://api.telegram.org:443 "POST /bot5663154433:AAGj997VkKfXiyuTWv3URmklpVFWFbFZOhA/sendMessage?chat_id=5180111772&text=%D0%92%D0%B2%D0%B5%D0%B4%D0%B8%D1%82%D0%B5+email HTTP/1.1" 200 299
2022-12-16 09:41:46,034 - connectionpool - DEBUG - _make_request: 456 - https://api.telegram.org:443 "GET /bot5663154433:AAGj997VkKfXiyuTWv3URmklpVFWFbFZOhA/getUpdates?offset=207531841&timeout=20 HTTP/1.1" 200 291
2022-12-16 09:41:46,035 - controller - DEBUG - search1_email: 326 - function call - search_tel
2022-12-16 09:41:46,035 - controller - DEBUG - oldname: 341 - function call - start_name
2022-12-16 09:41:46,230 - connectionpool - DEBUG - _make_request: 456 - https://api.telegram.org:443 "POST /bot5663154433:AAGj997VkKfXiyuTWv3URmklpVFWFbFZOhA/sendMessage?chat_id=5180111772&text=%D0%94%D0%B0%D0%BD%D0%BD%D1%8B%D0%B5+%D0%B2%D0%B2%D0%BE%D0%B4%D0%B8%D1%82%D1%8C+%D0%BD%D0%B0+%D0%B0%D0%BD%D0%B3%D0%BB%D0%B8%D1%81%D0%BA%D0%BE%D0%BC HTTP/1.1" 200 398
2022-12-16 09:41:46,456 - connectionpool - DEBUG - _make_request: 456 - https://api.telegram.org:443 "POST /bot5663154433:AAGj997VkKfXiyuTWv3URmklpVFWFbFZOhA/sendMessage?chat_id=5180111772&text=%D0%A7%D1%82%D0%BE+%D0%BC%D0%B5%D0%BD%D1%8F%D0%B5%D0%BC%3F HTTP/1.1" 200 307
2022-12-16 09:41:46,457 - controller - DEBUG - searchtxt_r: 252 - function call - searchtxt
2022-12-16 09:41:46,457 - controller - INFO - searchtxt_r: 256 - open and read the file: myphonebook.txt
2022-12-16 09:41:46,457 - controller - WARNING - searchtxt_r: 271 - contact not found: rar
2022-12-16 09:41:46,458 - util - ERROR - run: 66 - IndexError occurred, args=('list assignment index out of range',)
Traceback (most recent call last):
  File "C:\Python38\lib\site-packages\telebot\util.py", line 60, in run
    task(*args, **kwargs)
  File "d:\Program\Prog\tb_py_ds10\phonebook_files\controller.py", line 337, in search1_email
    infoc = searchtxt_r(message, search)
  File "d:\Program\Prog\tb_py_ds10\phonebook_files\controller.py", line 273, in searchtxt_r
    filecontents[c] = info
IndexError: list assignment index out of range

2022-12-16 09:42:57,611 - connectionpool - DEBUG - _new_conn: 1003 - Starting new HTTPS connection (1): api.telegram.org:443
2022-12-16 09:42:57,874 - connectionpool - DEBUG - _make_request: 456 - https://api.telegram.org:443 "GET /bot5663154433:AAGj997VkKfXiyuTWv3URmklpVFWFbFZOhA/getUpdates?offset=1&timeout=20 HTTP/1.1" 200 830
2022-12-16 09:42:57,874 - controller - DEBUG - main_menu: 19 - function call - main_menu
2022-12-16 09:42:57,874 - controller - DEBUG - main_menu: 19 - function call - main_menu
2022-12-16 09:42:57,874 - controller - DEBUG - main_menu: 19 - function call - main_menu
2022-12-16 09:43:02,403 - connectionpool - DEBUG - _make_request: 456 - https://api.telegram.org:443 "GET /bot5663154433:AAGj997VkKfXiyuTWv3URmklpVFWFbFZOhA/getUpdates?offset=207531845&timeout=20 HTTP/1.1" 200 352
2022-12-16 09:43:02,403 - controller - DEBUG - main_menu: 19 - function call - main_menu
2022-12-16 09:43:02,406 - connectionpool - DEBUG - _new_conn: 1003 - Starting new HTTPS connection (1): api.telegram.org:443
2022-12-16 09:43:02,634 - connectionpool - DEBUG - _make_request: 456 - https://api.telegram.org:443 "POST /bot5663154433:AAGj997VkKfXiyuTWv3URmklpVFWFbFZOhA/sendMessage?chat_id=5180111772&text=%D0%93%D0%BB%D0%B0%D0%B2%D0%BD%D0%BE%D0%B5+%D0%BC%D0%B5%D0%BD%D1%8E&reply_markup=%7B%22inline_keyboard%22%3A+%5B%5B%7B%22text%22%3A+%221.+%5Cu041f%5Cu043e%5Cu043a%5Cu0430%5Cu0437%5Cu0430%5Cu0442%5Cu044c+%5Cu0441%5Cu043f%5Cu0438%5Cu0441%5Cu043e%5Cu043a+%5Cu043a%5Cu043e%5Cu043d%5Cu0442%5Cu0430%5Cu043a%5Cu0442%5Cu043e%5Cu0432%22%2C+%22callback_data%22%3A+%22searchAllCon%22%7D%5D%2C+%5B%7B%22text%22%3A+%222.+%5Cu041f%5Cu043e%5Cu0438%5Cu0441%5Cu043a+%5Cu0441%5Cu0443%5Cu0449%5Cu0435%5Cu0441%5Cu0442%5Cu0432%5Cu0443%5Cu044e%5Cu0449%5Cu0435%5Cu0433%5Cu043e+%5Cu043a%5Cu043e%5Cu043d%5Cu0442%5Cu0430%5Cu043a%5Cu0442%5Cu0430%22%2C+%22callback_data%22%3A+%22searchCon%22%7D%5D%2C+%5B%7B%22text%22%3A+%223.+%5Cu0414%5Cu043e%5Cu0431%5Cu0430%5Cu0432%5Cu0438%5Cu0442%5Cu044c+%5Cu043d%5Cu043e%5Cu0432%5Cu044b%5Cu0439+%5Cu043a%5Cu043e%5Cu043d%5Cu0442%5Cu0430%5Cu043a%5Cu0442%22%2C+%22callback_data%22%3A+%22newCon%22%7D%5D%2C+%5B%7B%22text%22%3A+%224.+%5Cu0418%5Cu0437%5Cu043c%5Cu0435%5Cu043d%5Cu0438%5Cu0442%5Cu044c+%5Cu043a%5Cu043e%5Cu043d%5Cu0442%5Cu0430%5Cu043a%5Cu0442%22%2C+%22callback_data%22%3A+%22redactCon%22%7D%5D%2C+%5B%7B%22text%22%3A+%225.+%5Cu0423%5Cu0434%5Cu0430%5Cu043b%5Cu0438%5Cu0442%5Cu044c+%5Cu043a%5Cu043e%5Cu043d%5Cu0442%5Cu0430%5Cu043a%5Cu0442%22%2C+%22callback_data%22%3A+%22delitCon%22%7D%5D%5D%7D HTTP/1.1" 200 1175
2022-12-16 09:43:04,045 - connectionpool - DEBUG - _make_request: 456 - https://api.telegram.org:443 "GET /bot5663154433:AAGj997VkKfXiyuTWv3URmklpVFWFbFZOhA/getUpdates?offset=207531846&timeout=20 HTTP/1.1" 200 1417
2022-12-16 09:43:04,048 - controller - DEBUG - callback_worker: 516 - function call - callback_worker
2022-12-16 09:43:04,048 - controller - DEBUG - redactcontact_menu: 229 - function call - searchcontact_menu
2022-12-16 09:43:04,148 - connectionpool - DEBUG - _make_request: 456 - https://api.telegram.org:443 "POST /bot5663154433:AAGj997VkKfXiyuTWv3URmklpVFWFbFZOhA/sendMessage?chat_id=5180111772&text=%D0%9C%D0%B5%D0%BD%D1%8E+%D1%80%D0%B5%D0%B4%D0%B0%D0%BA%D1%82%D0%B8%D1%80%D0%BE%D0%B2%D0%B0%D0%BD%D0%B8%D1%8F+%D0%BA%D0%BE%D0%BD%D1%82%D0%B0%D0%BA%D1%82%D0%B0&reply_markup=%7B%22inline_keyboard%22%3A+%5B%5B%7B%22text%22%3A+%221.+%5Cu041f%5Cu043e%5Cu0438%5Cu0441%5Cu043a+%5Cu043f%5Cu043e+%5Cu0424.%5Cu0418.%5Cu041e%22%2C+%22callback_data%22%3A+%22name1%22%7D%5D%2C+%5B%7B%22text%22%3A+%222.+%5Cu041f%5Cu043e%5Cu0438%5Cu0441%5Cu043a+%5Cu043f%5Cu043e+%5Cu043d%5Cu043e%5Cu043c%5Cu0435%5Cu0440%5Cu0443+%5Cu0442%5Cu0435%5Cu043b%5Cu0435%5Cu0444%5Cu043e%5Cu043d%5Cu0430%22%2C+%22callback_data%22%3A+%22telnum1%22%7D%5D%2C+%5B%7B%22text%22%3A+%223.+%5Cu041f%5Cu043e%5Cu0438%5Cu0441%5Cu043a+%5Cu043f%5Cu043e+email%22%2C+%22callback_data%22%3A+%22ema1%22%7D%5D%2C+%5B%7B%22text%22%3A+%224.+%5Cu0412%5Cu044b%5Cu0445%5Cu043e%5Cu0434+%5Cu0432+%5Cu0433%5Cu043b%5Cu0430%5Cu0432%5Cu043d%5Cu043e%5Cu0435+%5Cu043c%5Cu0435%5Cu043d%5Cu044e%22%2C+%22callback_data%22%3A+%22back%22%7D%5D%5D%7D HTTP/1.1" 200 957
2022-12-16 09:43:05,641 - connectionpool - DEBUG - _make_request: 456 - https://api.telegram.org:443 "GET /bot5663154433:AAGj997VkKfXiyuTWv3URmklpVFWFbFZOhA/getUpdates?offset=207531847&timeout=20 HTTP/1.1" 200 1195
2022-12-16 09:43:05,644 - controller - DEBUG - callback_worker: 516 - function call - callback_worker
2022-12-16 09:43:05,644 - controller - DEBUG - start1_name: 280 - function call - start_name
2022-12-16 09:43:05,728 - connectionpool - DEBUG - _make_request: 456 - https://api.telegram.org:443 "POST /bot5663154433:AAGj997VkKfXiyuTWv3URmklpVFWFbFZOhA/sendMessage?chat_id=5180111772&text=%D0%94%D0%B0%D0%BD%D0%BD%D1%8B%D0%B5+%D0%B2%D0%B2%D0%BE%D0%B4%D0%B8%D1%82%D1%8C+%D0%BD%D0%B0+%D0%B0%D0%BD%D0%B3%D0%BB%D0%B8%D1%81%D0%BA%D0%BE%D0%BC HTTP/1.1" 200 398
2022-12-16 09:43:05,805 - connectionpool - DEBUG - _make_request: 456 - https://api.telegram.org:443 "POST /bot5663154433:AAGj997VkKfXiyuTWv3URmklpVFWFbFZOhA/sendMessage?chat_id=5180111772&text=%D0%92%D0%B2%D0%B5%D0%B4%D0%B8%D1%82%D0%B5+%D0%B8%D0%BC%D1%8F+%2F+%D1%84%D0%B0%D0%BC%D0%B8%D0%BB%D0%B8%D1%8F+%2F+%D0%BE%D1%82%D1%87%D0%B5%D1%81%D1%82%D0%B2%D0%BE HTTP/1.1" 200 408
2022-12-16 09:43:10,239 - connectionpool - DEBUG - _make_request: 456 - https://api.telegram.org:443 "GET /bot5663154433:AAGj997VkKfXiyuTWv3URmklpVFWFbFZOhA/getUpdates?offset=207531848&timeout=20 HTTP/1.1" 200 291
2022-12-16 09:43:10,239 - controller - DEBUG - search1_name: 286 - function call - search_name
2022-12-16 09:43:10,239 - controller - DEBUG - oldname: 340 - function call - start_name
2022-12-16 09:43:10,242 - connectionpool - DEBUG - _new_conn: 1003 - Starting new HTTPS connection (1): api.telegram.org:443
2022-12-16 09:43:10,524 - connectionpool - DEBUG - _make_request: 456 - https://api.telegram.org:443 "POST /bot5663154433:AAGj997VkKfXiyuTWv3URmklpVFWFbFZOhA/sendMessage?chat_id=5180111772&text=%D0%94%D0%B0%D0%BD%D0%BD%D1%8B%D0%B5+%D0%B2%D0%B2%D0%BE%D0%B4%D0%B8%D1%82%D1%8C+%D0%BD%D0%B0+%D0%B0%D0%BD%D0%B3%D0%BB%D0%B8%D1%81%D0%BA%D0%BE%D0%BC HTTP/1.1" 200 398
2022-12-16 09:43:10,607 - connectionpool - DEBUG - _make_request: 456 - https://api.telegram.org:443 "POST /bot5663154433:AAGj997VkKfXiyuTWv3URmklpVFWFbFZOhA/sendMessage?chat_id=5180111772&text=%D0%A7%D1%82%D0%BE+%D0%BC%D0%B5%D0%BD%D1%8F%D0%B5%D0%BC%3F HTTP/1.1" 200 307
2022-12-16 09:43:10,608 - controller - DEBUG - searchtxt_r: 252 - function call - searchtxt
2022-12-16 09:43:10,608 - controller - INFO - searchtxt_r: 256 - open and read the file: myphonebook.txt
2022-12-16 09:43:10,701 - connectionpool - DEBUG - _make_request: 456 - https://api.telegram.org:443 "POST /bot5663154433:AAGj997VkKfXiyuTWv3URmklpVFWFbFZOhA/sendMessage?chat_id=5180111772&text=%5BRex+For+Dep%2C+444-444-44%2C+redf2122%40gmail.com%5D%0A HTTP/1.1" 200 350
2022-12-16 09:43:10,702 - util - ERROR - run: 66 - NameError occurred, args=("name 'oldn' is not defined",)
Traceback (most recent call last):
  File "C:\Python38\lib\site-packages\telebot\util.py", line 60, in run
    task(*args, **kwargs)
  File "d:\Program\Prog\tb_py_ds10\phonebook_files\controller.py", line 296, in search1_name
    infoc = searchtxt_r(message, search)
  File "d:\Program\Prog\tb_py_ds10\phonebook_files\controller.py", line 264, in searchtxt_r
    filecontents[c] = filecontents[c].replace(oldn, newn)
NameError: name 'oldn' is not defined

